<?xml version="1.0" encoding="UTF-8"?>
<!-- Generated by org.testng.reporters.JUnitXMLReporter -->
<testsuite hostname="HDRRPA2" name="Testscriptsexecution" tests="44" failures="0" timestamp="20 Feb 2019 12:14:00 GMT" time="336.605" errors="0">
  <testcase name="@BeforeMethod setUp" time="0.0" classname="Scripts.NSDLVerificationTestScript">
    <failure type="org.openqa.selenium.InvalidSelectorException" message="invalid selector: Unable to locate an element with the xpath expression //*[@id=\&amp;quot;recent\&amp;quot;]/ul/li[2]/a because of the following error:
SyntaxError: Failed to execute &amp;apos;evaluate&amp;apos; on &amp;apos;Document&amp;apos;: The string &amp;apos;//*[@id=\&amp;quot;recent\&amp;quot;]/ul/li[2]/a&amp;apos; is not a valid XPath expression.
  (Session info: chrome=72.0.3626.81)
  (Driver info: chromedriver=2.42.591088 (7b2b2dca23cca0862f674758c9a3933e685c27d5),platform=Windows NT 10.0.14393 x86_64) (WARNING: The server did not provide any stacktrace information)
Command duration or timeout: 0 milliseconds
For documentation on this error, please visit: http://seleniumhq.org/exceptions/invalid_selector_exception.html
Build info: version: &amp;apos;3.14.0&amp;apos;, revision: &amp;apos;aacccce0&amp;apos;, time: &amp;apos;2018-08-02T20:19:58.91Z&amp;apos;
System info: host: &amp;apos;HDRRPA2&amp;apos;, ip: &amp;apos;172.23.178.15&amp;apos;, os.name: &amp;apos;Windows 8.1&amp;apos;, os.arch: &amp;apos;amd64&amp;apos;, os.version: &amp;apos;6.3&amp;apos;, java.version: &amp;apos;1.8.0_45&amp;apos;
Driver info: org.openqa.selenium.chrome.ChromeDriver
Capabilities {acceptInsecureCerts: false, acceptSslCerts: false, applicationCacheEnabled: false, browserConnectionEnabled: false, browserName: chrome, chrome: {chromedriverVersion: 2.42.591088 (7b2b2dca23cca0..., userDataDir: C:\Users\NEHAKA~1\AppData\L...}, cssSelectorsEnabled: true, databaseEnabled: false, goog:chromeOptions: {debuggerAddress: localhost:51836}, handlesAlerts: true, hasTouchScreen: false, javascriptEnabled: true, locationContextEnabled: true, mobileEmulationEnabled: false, nativeEvents: true, networkConnectionEnabled: false, pageLoadStrategy: normal, platform: XP, platformName: XP, rotatable: false, setWindowRect: true, takesHeapSnapshot: true, takesScreenshot: true, unexpectedAlertBehaviour: , unhandledPromptBehavior: , version: 72.0.3626.81, webStorageEnabled: true}
Session ID: b6b4548b707cba9d8328da3e779eae49
*** Element info: {Using=xpath, value=//*[@id=\&amp;quot;recent\&amp;quot;]/ul/li[2]/a}">
      <![CDATA[org.openqa.selenium.InvalidSelectorException: invalid selector: Unable to locate an element with the xpath expression //*[@id=\"recent\"]/ul/li[2]/a because of the following error:
SyntaxError: Failed to execute 'evaluate' on 'Document': The string '//*[@id=\"recent\"]/ul/li[2]/a' is not a valid XPath expression.
  (Session info: chrome=72.0.3626.81)
  (Driver info: chromedriver=2.42.591088 (7b2b2dca23cca0862f674758c9a3933e685c27d5),platform=Windows NT 10.0.14393 x86_64) (WARNING: The server did not provide any stacktrace information)
Command duration or timeout: 0 milliseconds
For documentation on this error, please visit: http://seleniumhq.org/exceptions/invalid_selector_exception.html
Build info: version: '3.14.0', revision: 'aacccce0', time: '2018-08-02T20:19:58.91Z'
System info: host: 'HDRRPA2', ip: '172.23.178.15', os.name: 'Windows 8.1', os.arch: 'amd64', os.version: '6.3', java.version: '1.8.0_45'
Driver info: org.openqa.selenium.chrome.ChromeDriver
Capabilities {acceptInsecureCerts: false, acceptSslCerts: false, applicationCacheEnabled: false, browserConnectionEnabled: false, browserName: chrome, chrome: {chromedriverVersion: 2.42.591088 (7b2b2dca23cca0..., userDataDir: C:\Users\NEHAKA~1\AppData\L...}, cssSelectorsEnabled: true, databaseEnabled: false, goog:chromeOptions: {debuggerAddress: localhost:51836}, handlesAlerts: true, hasTouchScreen: false, javascriptEnabled: true, locationContextEnabled: true, mobileEmulationEnabled: false, nativeEvents: true, networkConnectionEnabled: false, pageLoadStrategy: normal, platform: XP, platformName: XP, rotatable: false, setWindowRect: true, takesHeapSnapshot: true, takesScreenshot: true, unexpectedAlertBehaviour: , unhandledPromptBehavior: , version: 72.0.3626.81, webStorageEnabled: true}
Session ID: b6b4548b707cba9d8328da3e779eae49
*** Element info: {Using=xpath, value=//*[@id=\"recent\"]/ul/li[2]/a}
	at org.openqa.selenium.remote.ErrorHandler.createThrowable(ErrorHandler.java:214)
	at org.openqa.selenium.remote.ErrorHandler.throwIfResponseFailed(ErrorHandler.java:166)
	at org.openqa.selenium.remote.http.JsonHttpResponseCodec.reconstructValue(JsonHttpResponseCodec.java:40)
	at org.openqa.selenium.remote.http.AbstractHttpResponseCodec.decode(AbstractHttpResponseCodec.java:80)
	at org.openqa.selenium.remote.http.AbstractHttpResponseCodec.decode(AbstractHttpResponseCodec.java:44)
	at org.openqa.selenium.remote.HttpCommandExecutor.execute(HttpCommandExecutor.java:158)
	at org.openqa.selenium.remote.service.DriverCommandExecutor.execute(DriverCommandExecutor.java:83)
	at org.openqa.selenium.remote.RemoteWebDriver.execute(RemoteWebDriver.java:548)
	at org.openqa.selenium.remote.RemoteWebDriver.findElement(RemoteWebDriver.java:322)
	at org.openqa.selenium.remote.RemoteWebDriver.findElementByXPath(RemoteWebDriver.java:424)
	at org.openqa.selenium.By$ByXPath.findElement(By.java:353)
	at org.openqa.selenium.remote.RemoteWebDriver.findElement(RemoteWebDriver.java:314)
	at Scripts.NSDLVerificationTestScript.setUp(NSDLVerificationTestScript.java:84)
... Removed 30 stack frames]]>
    </failure>
  </testcase> <!-- @BeforeMethod setUp -->
  <testcase name="@AfterMethod tearDown" time="0.0" classname="Scripts.NSDLVerificationTestScript">
    <skipped/>
  </testcase> <!-- @AfterMethod tearDown -->
  <testcase name="@BeforeMethod setUp" time="0.0" classname="Scripts.NSDLVerificationTestScript">
    <skipped/>
  </testcase> <!-- @BeforeMethod setUp -->
  <testcase name="@AfterMethod tearDown" time="0.0" classname="Scripts.NSDLVerificationTestScript">
    <skipped/>
  </testcase> <!-- @AfterMethod tearDown -->
  <testcase name="@BeforeMethod setUp" time="0.0" classname="Scripts.NSDLVerificationTestScript">
    <skipped/>
  </testcase> <!-- @BeforeMethod setUp -->
  <testcase name="@AfterMethod tearDown" time="0.0" classname="Scripts.NSDLVerificationTestScript">
    <skipped/>
  </testcase> <!-- @AfterMethod tearDown -->
  <testcase name="@AfterClass closingAllConnections" time="0.0" classname="Scripts.NSDLVerificationTestScript">
    <skipped/>
  </testcase> <!-- @AfterClass closingAllConnections -->
  <testcase name="@AfterClass closeBrowser" time="0.0" classname="Scripts.NSDLVerificationTestScript">
    <skipped/>
  </testcase> <!-- @AfterClass closeBrowser -->
  <testcase name="@BeforeClass intializingConnections" time="0.0" classname="Scripts.PassportLoginTestScript">
    <skipped/>
  </testcase> <!-- @BeforeClass intializingConnections -->
  <testcase name="@BeforeMethod setUp" time="0.0" classname="Scripts.PassportLoginTestScript">
    <skipped/>
  </testcase> <!-- @BeforeMethod setUp -->
  <testcase name="@AfterMethod tearDown" time="0.0" classname="Scripts.PassportLoginTestScript">
    <skipped/>
  </testcase> <!-- @AfterMethod tearDown -->
  <testcase name="@BeforeMethod setUp" time="0.0" classname="Scripts.PassportLoginTestScript">
    <skipped/>
  </testcase> <!-- @BeforeMethod setUp -->
  <testcase name="@AfterMethod tearDown" time="0.0" classname="Scripts.PassportLoginTestScript">
    <skipped/>
  </testcase> <!-- @AfterMethod tearDown -->
  <testcase name="@BeforeMethod setUp" time="0.0" classname="Scripts.PassportLoginTestScript">
    <skipped/>
  </testcase> <!-- @BeforeMethod setUp -->
  <testcase name="@AfterMethod tearDown" time="0.0" classname="Scripts.PassportLoginTestScript">
    <skipped/>
  </testcase> <!-- @AfterMethod tearDown -->
  <testcase name="@BeforeMethod setUp" time="0.0" classname="Scripts.PassportLoginTestScript">
    <skipped/>
  </testcase> <!-- @BeforeMethod setUp -->
  <testcase name="@AfterMethod tearDown" time="0.0" classname="Scripts.PassportLoginTestScript">
    <skipped/>
  </testcase> <!-- @AfterMethod tearDown -->
  <testcase name="@BeforeMethod setUp" time="0.0" classname="Scripts.PassportLoginTestScript">
    <skipped/>
  </testcase> <!-- @BeforeMethod setUp -->
  <testcase name="@AfterMethod tearDown" time="0.0" classname="Scripts.PassportLoginTestScript">
    <skipped/>
  </testcase> <!-- @AfterMethod tearDown -->
  <testcase name="@BeforeMethod setUp" time="0.0" classname="Scripts.PassportLoginTestScript">
    <skipped/>
  </testcase> <!-- @BeforeMethod setUp -->
  <testcase name="@AfterMethod tearDown" time="0.0" classname="Scripts.PassportLoginTestScript">
    <skipped/>
  </testcase> <!-- @AfterMethod tearDown -->
  <testcase name="@AfterClass closingAllConnections" time="0.0" classname="Scripts.PassportLoginTestScript">
    <skipped/>
  </testcase> <!-- @AfterClass closingAllConnections -->
  <testcase name="@AfterClass closeBrowser" time="0.0" classname="Scripts.PassportLoginTestScript">
    <skipped/>
  </testcase> <!-- @AfterClass closeBrowser -->
  <testcase name="@BeforeClass initializingConnections" time="0.0" classname="Scripts.PassportVerificationTestScript">
    <skipped/>
  </testcase> <!-- @BeforeClass initializingConnections -->
  <testcase name="@BeforeMethod setUp" time="0.0" classname="Scripts.PassportVerificationTestScript">
    <skipped/>
  </testcase> <!-- @BeforeMethod setUp -->
  <testcase name="@AfterMethod tearDown" time="0.0" classname="Scripts.PassportVerificationTestScript">
    <skipped/>
  </testcase> <!-- @AfterMethod tearDown -->
  <testcase name="@BeforeMethod setUp" time="0.0" classname="Scripts.PassportVerificationTestScript">
    <skipped/>
  </testcase> <!-- @BeforeMethod setUp -->
  <testcase name="@AfterMethod tearDown" time="0.0" classname="Scripts.PassportVerificationTestScript">
    <skipped/>
  </testcase> <!-- @AfterMethod tearDown -->
  <testcase name="@BeforeMethod setUp" time="0.0" classname="Scripts.PassportVerificationTestScript">
    <skipped/>
  </testcase> <!-- @BeforeMethod setUp -->
  <testcase name="@AfterMethod tearDown" time="0.0" classname="Scripts.PassportVerificationTestScript">
    <skipped/>
  </testcase> <!-- @AfterMethod tearDown -->
  <testcase name="@AfterClass closingAllConnections" time="0.0" classname="Scripts.PassportVerificationTestScript">
    <skipped/>
  </testcase> <!-- @AfterClass closingAllConnections -->
  <testcase name="@AfterClass closeBrowser" time="0.0" classname="Scripts.PassportVerificationTestScript">
    <skipped/>
  </testcase> <!-- @AfterClass closeBrowser -->
  <testcase name="@BeforeClass intializingConnections" time="0.0" classname="Scripts.UpdateTestScript">
    <skipped/>
  </testcase> <!-- @BeforeClass intializingConnections -->
  <testcase name="@BeforeMethod setUp" time="0.0" classname="Scripts.UpdateTestScript">
    <skipped/>
  </testcase> <!-- @BeforeMethod setUp -->
  <testcase name="@AfterMethod tearDown" time="0.0" classname="Scripts.UpdateTestScript">
    <skipped/>
  </testcase> <!-- @AfterMethod tearDown -->
  <testcase name="@AfterClass closingAllConnections" time="0.0" classname="Scripts.UpdateTestScript">
    <skipped/>
  </testcase> <!-- @AfterClass closingAllConnections -->
  <testcase name="@AfterClass closeBrowser" time="0.0" classname="Scripts.UpdateTestScript">
    <skipped/>
  </testcase> <!-- @AfterClass closeBrowser -->
  <testcase name="@AfterTest endreport" time="0.0" classname="Scripts.NSDLLoginTestScript">
    <skipped/>
  </testcase> <!-- @AfterTest endreport -->
  <testcase name="Home_Login_BlankUserName_BlankPwd" time="0.466" classname="Scripts.LoginTestScript"/>
  <testcase name="Home_Login_BlankUserName_ValidPwd" time="0.239" classname="Scripts.LoginTestScript"/>
  <testcase name="Home_Login_InvalidUserName" time="0.471" classname="Scripts.LoginTestScript"/>
  <testcase name="Home_Login_ValidUserName_BlankPwd" time="0.387" classname="Scripts.LoginTestScript"/>
  <testcase name="Home_Login_ValidUserName_InvalidPwd" time="0.462" classname="Scripts.LoginTestScript"/>
  <testcase name="Home_Login_ValidUserName_ValidPwd" time="0.925" classname="Scripts.LoginTestScript"/>
  <testcase name="RegistrationFormTest_EmptyAadharNumber" time="2.213" classname="Scripts.UserTestScript"/>
  <testcase name="RegistrationFormTest_EmptyCity" time="2.023" classname="Scripts.UserTestScript"/>
  <testcase name="RegistrationFormTest_EmptyEmailId" time="2.118" classname="Scripts.UserTestScript"/>
  <testcase name="RegistrationFormTest_EmptyFirstName" time="3.387" classname="Scripts.UserTestScript"/>
  <testcase name="RegistrationFormTest_EmptyFlatNoOrBuildingName" time="2.903" classname="Scripts.UserTestScript"/>
  <testcase name="RegistrationFormTest_EmptyLastName" time="2.122" classname="Scripts.UserTestScript"/>
  <testcase name="RegistrationFormTest_EmptyMiddleName" time="2.319" classname="Scripts.UserTestScript"/>
  <testcase name="RegistrationFormTest_EmptyMobileNumber" time="1.91" classname="Scripts.UserTestScript"/>
  <testcase name="RegistrationFormTest_EmptyPanNumber" time="1.99" classname="Scripts.UserTestScript"/>
  <testcase name="RegistrationFormTest_EmptySourceOfFunds" time="2.071" classname="Scripts.UserTestScript"/>
  <testcase name="Aadhar_Login_BlankUserName_BlankPwd" time="4.342" classname="Scripts.AadharLoginTestScript"/>
  <testcase name="Aadhar_Login_BlankUserName_ValidPwd" time="4.366" classname="Scripts.AadharLoginTestScript"/>
  <testcase name="Aadhar_Login_InvalidUserName" time="4.334" classname="Scripts.AadharLoginTestScript"/>
  <testcase name="Aadhar_Login_ValidUserName_BlankPwd" time="4.417" classname="Scripts.AadharLoginTestScript"/>
  <testcase name="Aadhar_Login_ValidUserName_InvalidPwd" time="4.402" classname="Scripts.AadharLoginTestScript"/>
  <testcase name="Aadhar_Login_ValidUserName_ValidPwd" time="5.41" classname="Scripts.AadharLoginTestScript"/>
  <testcase name="blank_aadhar_id" time="5.241" classname="Scripts.AadharVerificationTestScript"/>
  <testcase name="invalid_aadhar_id" time="5.237" classname="Scripts.AadharVerificationTestScript"/>
  <testcase name="valid_aadhar_id" time="5.366" classname="Scripts.AadharVerificationTestScript"/>
  <testcase name="NSDL_Login_BlankUserName_BlankPwd" time="6.309" classname="Scripts.NSDLLoginTestScript"/>
  <testcase name="NSDL_Login_BlankUserName_ValidPwd" time="6.275" classname="Scripts.NSDLLoginTestScript"/>
  <testcase name="NSDL_Login_InvalidUserName" time="6.251" classname="Scripts.NSDLLoginTestScript"/>
  <testcase name="NSDL_Login_ValidUserName_BlankPwd" time="6.348" classname="Scripts.NSDLLoginTestScript"/>
  <testcase name="NSDL_Login_ValidUserName_InvalidPwd" time="6.337" classname="Scripts.NSDLLoginTestScript"/>
  <testcase name="NSDL_Login_ValidUserName_ValidPwd" time="8.392" classname="Scripts.NSDLLoginTestScript"/>
  <testcase name="blank_pan_id" time="0.001" classname="Scripts.NSDLVerificationTestScript">
    <skipped/>
  </testcase> <!-- blank_pan_id -->
  <testcase name="invalid_pan_id" time="0.0" classname="Scripts.NSDLVerificationTestScript">
    <skipped/>
  </testcase> <!-- invalid_pan_id -->
  <testcase name="valid_pan_id" time="0.001" classname="Scripts.NSDLVerificationTestScript">
    <skipped/>
  </testcase> <!-- valid_pan_id -->
  <testcase name="Passport_Login_BlankUserName_BlankPwd" time="0.001" classname="Scripts.PassportLoginTestScript">
    <skipped/>
  </testcase> <!-- Passport_Login_BlankUserName_BlankPwd -->
  <testcase name="Passport_Login_BlankUserName_ValidPwd" time="0.001" classname="Scripts.PassportLoginTestScript">
    <skipped/>
  </testcase> <!-- Passport_Login_BlankUserName_ValidPwd -->
  <testcase name="Passport_Login_InvalidUserName" time="0.0" classname="Scripts.PassportLoginTestScript">
    <skipped/>
  </testcase> <!-- Passport_Login_InvalidUserName -->
  <testcase name="Passport_Login_ValidUserName_BlankPwd" time="0.0" classname="Scripts.PassportLoginTestScript">
    <skipped/>
  </testcase> <!-- Passport_Login_ValidUserName_BlankPwd -->
  <testcase name="Passport_Login_ValidUserName_InvalidPwd" time="0.001" classname="Scripts.PassportLoginTestScript">
    <skipped/>
  </testcase> <!-- Passport_Login_ValidUserName_InvalidPwd -->
  <testcase name="Passport_Login_ValidUserName_ValidPwd" time="0.0" classname="Scripts.PassportLoginTestScript">
    <skipped/>
  </testcase> <!-- Passport_Login_ValidUserName_ValidPwd -->
  <testcase name="blank_passport_number" time="0.0" classname="Scripts.PassportVerificationTestScript">
    <skipped/>
  </testcase> <!-- blank_passport_number -->
  <testcase name="invalid_passport_number" time="0.0" classname="Scripts.PassportVerificationTestScript">
    <skipped/>
  </testcase> <!-- invalid_passport_number -->
  <testcase name="valid_passport_number" time="0.0" classname="Scripts.PassportVerificationTestScript">
    <skipped/>
  </testcase> <!-- valid_passport_number -->
  <testcase name="Update_FileUpload" time="0.0" classname="Scripts.UpdateTestScript">
    <skipped/>
  </testcase> <!-- Update_FileUpload -->
</testsuite> <!-- Testscriptsexecution -->
